Performing C SOURCE FILE Test CMAKE_HAVE_LIBC_PTHREAD failed with the following output:
Change Dir: /home/anton/LinuxWork/СИШКА/CLion/clion-2020.2.4/folder/lab-01-parser/cmake-build-debug/CMakeFiles/CMakeTmp

Run Build Command(s):/usr/bin/make -f Makefile cmTC_b846c/fast && /usr/bin/make  -f CMakeFiles/cmTC_b846c.dir/build.make CMakeFiles/cmTC_b846c.dir/build
make[1]: вход в каталог «/home/anton/LinuxWork/СИШКА/CLion/clion-2020.2.4/folder/lab-01-parser/cmake-build-debug/CMakeFiles/CMakeTmp»
Building C object CMakeFiles/cmTC_b846c.dir/src.c.o
/usr/bin/cc -DCMAKE_HAVE_LIBC_PTHREAD   -o CMakeFiles/cmTC_b846c.dir/src.c.o -c /home/anton/LinuxWork/СИШКА/CLion/clion-2020.2.4/folder/lab-01-parser/cmake-build-debug/CMakeFiles/CMakeTmp/src.c
Linking C executable cmTC_b846c
/home/anton/.local/share/JetBrains/Toolbox/apps/CLion/ch-0/212.5457.51/bin/cmake/linux/bin/cmake -E cmake_link_script CMakeFiles/cmTC_b846c.dir/link.txt --verbose=1
/usr/bin/cc CMakeFiles/cmTC_b846c.dir/src.c.o -o cmTC_b846c 
/usr/bin/ld: CMakeFiles/cmTC_b846c.dir/src.c.o: в функции «main»:
src.c:(.text+0x46): неопределённая ссылка на «pthread_create»
/usr/bin/ld: src.c:(.text+0x52): неопределённая ссылка на «pthread_detach»
/usr/bin/ld: src.c:(.text+0x5e): неопределённая ссылка на «pthread_cancel»
/usr/bin/ld: src.c:(.text+0x6f): неопределённая ссылка на «pthread_join»
collect2: error: ld returned 1 exit status
make[1]: *** [CMakeFiles/cmTC_b846c.dir/build.make:99: cmTC_b846c] Ошибка 1
make[1]: выход из каталога «/home/anton/LinuxWork/СИШКА/CLion/clion-2020.2.4/folder/lab-01-parser/cmake-build-debug/CMakeFiles/CMakeTmp»
make: *** [Makefile:127: cmTC_b846c/fast] Ошибка 2


Source file was:
#include <pthread.h>

static void* test_func(void* data)
{
  return data;
}

int main(void)
{
  pthread_t thread;
  pthread_create(&thread, NULL, test_func, NULL);
  pthread_detach(thread);
  pthread_cancel(thread);
  pthread_join(thread, NULL);
  pthread_atfork(NULL, NULL, NULL);
  pthread_exit(NULL);

  return 0;
}

